game:1  Unchecked runtime.lastError: A listener indicated an asynchronous response by returning true, but the message channel closed before a response was received
game:1  Unchecked runtime.lastError: A listener indicated an asynchronous response by returning true, but the message channel closed before a response was received
game.js:18 Dictionnaire chargé avec succès
game.js:19 Premier mot du dictionnaire: a
game.js:20 Nombre de mots dans le dictionnaire: 369504
game.js:437  Élément timer non trouvé, impossible de démarrer le timer
startTimer @ game.js:437
(anonymes) @ game.js:88
next @ reference_impl.ts:714
(anonymes) @ bundle_reader_impl.ts:43
setTimeout
Ba @ bundle_reader_impl.ts:32
next @ async_observer.ts:45
Y_ @ bundle_reader.ts:29
W_ @ event_manager.ts:330
__PRIVATE_eventManagerOnWatchChange @ event_manager.ts:173
__PRIVATE_syncEngineEmitNewSnapsAndNotifyLocalStore @ local_store_impl.ts:813
await in __PRIVATE_syncEngineEmitNewSnapsAndNotifyLocalStore
__PRIVATE_syncEngineApplyRemoteEvent @ sync_engine_impl.ts:536
await in __PRIVATE_syncEngineApplyRemoteEvent
__PRIVATE_raiseWatchSnapshot @ remote_store.ts:495
__PRIVATE_onWatchStreamChange @ remote_store.ts:59
await in __PRIVATE_onWatchStreamChange
onMessage @ persistent_stream.ts:655
(anonymes) @ persistent_stream.ts:529
(anonymes) @ persistent_stream.ts:574
(anonymes) @ async_queue_impl.ts:137
(anonymes) @ async_queue_impl.ts:327
Promise.then
uu @ async_queue_impl.ts:188
enqueue @ async_queue_impl.ts:135
enqueueAndForget @ async_queue_impl.ts:96
(anonymes) @ persistent_stream.ts:572
(anonymes) @ persistent_stream.ts:527
mo @ webchannel_connection.ts:56
(anonymes) @ webchannel_connection.ts:397
(anonymes) @ webchannel_connection.ts:298
ib @ eventtarget.js:91
C$1 @ eventtarget.js:490
R.Aa @ webchannelbasetransport.js:429
qc @ structs.js:194
rc @ channelrequest.js:950
m.Pa @ channelrequest.js:626
m.nb @ channelrequest.js:656
ib @ eventtarget.js:91
C$1 @ eventtarget.js:490
Ad @ xhrio.js:922
m.kb @ xhrio.js:1052
m.La @ xhrio.js:1050
od @ fetchxmlhttpfactory.js:237
m.Xa @ fetchxmlhttpfactory.js:419
Promise.then
qd @ fetchxmlhttpfactory.js:468
m.Xa @ fetchxmlhttpfactory.js:425
Promise.then
qd @ fetchxmlhttpfactory.js:468
m.Xa @ fetchxmlhttpfactory.js:425
Promise.then
qd @ fetchxmlhttpfactory.js:468
m.Xa @ fetchxmlhttpfactory.js:425
Promise.then
qd @ fetchxmlhttpfactory.js:468
m.Xa @ fetchxmlhttpfactory.js:425
Promise.then
qd @ fetchxmlhttpfactory.js:468
m.Xa @ fetchxmlhttpfactory.js:425
Promise.then
qd @ fetchxmlhttpfactory.js:468
m.Xa @ fetchxmlhttpfactory.js:425
Promise.then
qd @ fetchxmlhttpfactory.js:468
m.$a @ fetchxmlhttpfactory.js:358
Promise.then
m.send @ fetchxmlhttpfactory.js:272
m.ha @ xhrio.js:739
ic @ webchanneldebug.js:83
Md @ webchannelbase.js:2079
m.Ma @ webchannelbase.js:1718
ub @ freelist.js:55
Promise.then
X @ run.js:115
Fc @ webchannelbase.js:1686
qc @ webchannelbase.js:2328
rc @ channelrequest.js:950
m.Pa @ channelrequest.js:626
m.nb @ channelrequest.js:656
ib @ eventtarget.js:91
C$1 @ eventtarget.js:490
Ad @ xhrio.js:922
m.kb @ xhrio.js:1052
m.La @ xhrio.js:1050
od @ fetchxmlhttpfactory.js:237
m.Xa @ fetchxmlhttpfactory.js:419
Promise.then
qd @ fetchxmlhttpfactory.js:468
m.$a @ fetchxmlhttpfactory.js:358
Promise.then
m.send @ fetchxmlhttpfactory.js:272
m.ha @ xhrio.js:739
ic @ channelrequest.js:585
gc @ channelrequest.js:547
m.Na @ webchannelbase.js:1366
ub @ freelist.js:55
Promise.then
X @ run.js:115
Gc @ webchannelbase.js:1536
Q$1.m @ webchannelbasetransport.js:216
lo @ webchannel_connection.ts:265
send @ stream_bridge.ts:85
t_ @ persistent_stream.ts:319
c_ @ persistent_stream.ts:672
__PRIVATE_sendWatchRequest @ remote_store.ts:357
(anonymes) @ remote_store.ts:414
__PRIVATE_onWatchStreamOpen @ remote_store.ts:410
(anonymes) @ persistent_stream.ts:512
(anonymes) @ persistent_stream.ts:574
(anonymes) @ async_queue_impl.ts:137
(anonymes) @ async_queue_impl.ts:327
Promise.then
uu @ async_queue_impl.ts:188
enqueue @ async_queue_impl.ts:135
enqueueAndForget @ async_queue_impl.ts:96
(anonymes) @ persistent_stream.ts:572
(anonymes) @ persistent_stream.ts:497
Ro @ webchannel_connection.ts:50
(anonymes) @ dom.ts:22
setTimeout
Fo @ dom.ts:19
a_ @ persistent_stream.ts:640
o_ @ persistent_stream.ts:492
(anonymes) @ persistent_stream.ts:464
Promise.then
auth @ persistent_stream.ts:459
start @ persistent_stream.ts:263
__PRIVATE_startWatchStream @ remote_store.ts:389
__PRIVATE_remoteStoreListen @ remote_store.ts:288
__PRIVATE_syncEngineListen @ sync_engine_impl.ts:332
await in __PRIVATE_syncEngineListen
__PRIVATE_eventManagerListen @ event_manager.ts:99
__PRIVATE_readDocumentViaSnapshotListener @ firestore_client.ts:483
(anonymes) @ firestore_client.ts:486
await in (anonymes)
(anonymes) @ async_queue_impl.ts:137
(anonymes) @ async_queue_impl.ts:327
Promise.then
uu @ async_queue_impl.ts:188
enqueue @ async_queue_impl.ts:135
enqueueAndForget @ async_queue_impl.ts:96
__PRIVATE_firestoreClientGetDocumentViaSnapshotListener @ firestore_client.ts:649
getDoc @ reference_impl.ts:105
loadUserData @ game.js:52
await in loadUserData
(anonymes) @ game.js:38
await in (anonymes)
(anonymes) @ auth_impl.ts:681
Promise.then
registerStateListener @ auth_impl.ts:681
onAuthStateChanged @ auth_impl.ts:482
onAuthStateChanged @ index.ts:210
(anonymes) @ game.js:33
